# JRE version: Java(TM) SE Runtime Environment (8.0_241-b07) (build 1.8.0_241-b07)
# Java VM: Java HotSpot(TM) 64-Bit Server VM (25.241-b07 mixed mode windows-amd64 compressed oops)
Heap:
 PSYoungGen      total 70656K, used 39770K [0x000000076ae00000, 0x0000000770380000, 0x00000007c0000000)
  eden space 55808K, 70% used [0x000000076ae00000,0x000000076d49e8f8,0x000000076e480000)
  from space 14848K, 1% used [0x000000076f500000,0x000000076f538000,0x0000000770380000)
  to   space 15872K, 0% used [0x000000076e480000,0x000000076e480000,0x000000076f400000)
 ParOldGen       total 175104K, used 34428K [0x00000006c0a00000, 0x00000006cb500000, 0x000000076ae00000)
  object space 175104K, 19% used [0x00000006c0a00000,0x00000006c2b9f258,0x00000006cb500000)
 Metaspace       used 10475K, capacity 10734K, committed 10880K, reserved 1058816K
  class space    used 1203K, capacity 1303K, committed 1408K, reserved 1048576K
GC Heap History (10 events):
Event: 47.656 GC heap before
{Heap before GC invocations=8 (full 0):
 PSYoungGen      total 72704K, used 61664K [0x000000076ae00000, 0x0000000770400000, 0x00000007c0000000)
  eden space 61440K, 100% used [0x000000076ae00000,0x000000076ea00000,0x000000076ea00000)
  from space 11264K, 1% used [0x000000076eb00000,0x000000076eb38000,0x000000076f600000)
  to   space 13312K, 0% used [0x000000076f700000,0x000000076f700000,0x0000000770400000)
 ParOldGen       total 175104K, used 34284K [0x00000006c0a00000, 0x00000006cb500000, 0x000000076ae00000)
  object space 175104K, 19% used [0x00000006c0a00000,0x00000006c2b7b258,0x00000006cb500000)
 Metaspace       used 10426K, capacity 10650K, committed 10880K, reserved 1058816K
  class space    used 1197K, capacity 1297K, committed 1408K, reserved 1048576K
Event: 47.656 GC heap after
Heap after GC invocations=8 (full 0):
 PSYoungGen      total 73216K, used 128K [0x000000076ae00000, 0x0000000770600000, 0x00000007c0000000)
  eden space 59904K, 0% used [0x000000076ae00000,0x000000076ae00000,0x000000076e880000)
  from space 13312K, 0% used [0x000000076f700000,0x000000076f720000,0x0000000770400000)
  to   space 14848K, 0% used [0x000000076e880000,0x000000076e880000,0x000000076f700000)
 ParOldGen       total 175104K, used 34316K [0x00000006c0a00000, 0x00000006cb500000, 0x000000076ae00000)
  object space 175104K, 19% used [0x00000006c0a00000,0x00000006c2b83258,0x00000006cb500000)
 Metaspace       used 10426K, capacity 10650K, committed 10880K, reserved 1058816K
  class space    used 1197K, capacity 1297K, committed 1408K, reserved 1048576K
}
Event: 54.137 GC heap before
{Heap before GC invocations=9 (full 0):
 PSYoungGen      total 73216K, used 60032K [0x000000076ae00000, 0x0000000770600000, 0x00000007c0000000)
  eden space 59904K, 100% used [0x000000076ae00000,0x000000076e880000,0x000000076e880000)
  from space 13312K, 0% used [0x000000076f700000,0x000000076f720000,0x0000000770400000)
  to   space 14848K, 0% used [0x000000076e880000,0x000000076e880000,0x000000076f700000)
 ParOldGen       total 175104K, used 34316K [0x00000006c0a00000, 0x00000006cb500000, 0x000000076ae00000)
  object space 175104K, 19% used [0x00000006c0a00000,0x00000006c2b83258,0x00000006cb500000)
 Metaspace       used 10428K, capacity 10650K, committed 10880K, reserved 1058816K
  class space    used 1197K, capacity 1297K, committed 1408K, reserved 1048576K
Event: 54.137 GC heap after
Heap after GC invocations=9 (full 0):
 PSYoungGen      total 59392K, used 160K [0x000000076ae00000, 0x0000000770580000, 0x00000007c0000000)
  eden space 58880K, 0% used [0x000000076ae00000,0x000000076ae00000,0x000000076e780000)
  from space 512K, 31% used [0x000000076e880000,0x000000076e8a8000,0x000000076e900000)
  to   space 15360K, 0% used [0x000000076f680000,0x000000076f680000,0x0000000770580000)
 ParOldGen       total 175104K, used 34348K [0x00000006c0a00000, 0x00000006cb500000, 0x000000076ae00000)
  object space 175104K, 19% used [0x00000006c0a00000,0x00000006c2b8b258,0x00000006cb500000)
 Metaspace       used 10428K, capacity 10650K, committed 10880K, reserved 1058816K
  class space    used 1197K, capacity 1297K, committed 1408K, reserved 1048576K
}
Event: 60.688 GC heap before
{Heap before GC invocations=10 (full 0):
 PSYoungGen      total 59392K, used 59040K [0x000000076ae00000, 0x0000000770580000, 0x00000007c0000000)
  eden space 58880K, 100% used [0x000000076ae00000,0x000000076e780000,0x000000076e780000)
  from space 512K, 31% used [0x000000076e880000,0x000000076e8a8000,0x000000076e900000)
  to   space 15360K, 0% used [0x000000076f680000,0x000000076f680000,0x0000000770580000)
 ParOldGen       total 175104K, used 34348K [0x00000006c0a00000, 0x00000006cb500000, 0x000000076ae00000)
  object space 175104K, 19% used [0x00000006c0a00000,0x00000006c2b8b258,0x00000006cb500000)
 Metaspace       used 10438K, capacity 10650K, committed 10880K, reserved 1058816K
  class space    used 1197K, capacity 1297K, committed 1408K, reserved 1048576K
Event: 60.688 GC heap after
Heap after GC invocations=10 (full 0):
 PSYoungGen      total 73216K, used 128K [0x000000076ae00000, 0x0000000770580000, 0x00000007c0000000)
  eden space 57856K, 0% used [0x000000076ae00000,0x000000076ae00000,0x000000076e680000)
  from space 15360K, 0% used [0x000000076f680000,0x000000076f6a0000,0x0000000770580000)
  to   space 15872K, 0% used [0x000000076e680000,0x000000076e680000,0x000000076f600000)
 ParOldGen       total 175104K, used 34372K [0x00000006c0a00000, 0x00000006cb500000, 0x000000076ae00000)
  object space 175104K, 19% used [0x00000006c0a00000,0x00000006c2b91258,0x00000006cb500000)
 Metaspace       used 10438K, capacity 10650K, committed 10880K, reserved 1058816K
  class space    used 1197K, capacity 1297K, committed 1408K, reserved 1048576K
}
Event: 67.389 GC heap before
{Heap before GC invocations=11 (full 0):
 PSYoungGen      total 73216K, used 57984K [0x000000076ae00000, 0x0000000770580000, 0x00000007c0000000)
  eden space 57856K, 100% used [0x000000076ae00000,0x000000076e680000,0x000000076e680000)
  from space 15360K, 0% used [0x000000076f680000,0x000000076f6a0000,0x0000000770580000)
  to   space 15872K, 0% used [0x000000076e680000,0x000000076e680000,0x000000076f600000)
 ParOldGen       total 175104K, used 34372K [0x00000006c0a00000, 0x00000006cb500000, 0x000000076ae00000)
  object space 175104K, 19% used [0x00000006c0a00000,0x00000006c2b91258,0x00000006cb500000)
 Metaspace       used 10438K, capacity 10650K, committed 10880K, reserved 1058816K
  class space    used 1197K, capacity 1297K, committed 1408K, reserved 1048576K
Event: 67.389 GC heap after
Heap after GC invocations=11 (full 0):
 PSYoungGen      total 57344K, used 128K [0x000000076ae00000, 0x0000000770480000, 0x00000007c0000000)
  eden space 56832K, 0% used [0x000000076ae00000,0x000000076ae00000,0x000000076e580000)
  from space 512K, 25% used [0x000000076e680000,0x000000076e6a0000,0x000000076e700000)
  to   space 15872K, 0% used [0x000000076f500000,0x000000076f500000,0x0000000770480000)
 ParOldGen       total 175104K, used 34404K [0x00000006c0a00000, 0x00000006cb500000, 0x000000076ae00000)
  object space 175104K, 19% used [0x00000006c0a00000,0x00000006c2b99258,0x00000006cb500000)
 Metaspace       used 10438K, capacity 10650K, committed 10880K, reserved 1058816K
  class space    used 1197K, capacity 1297K, committed 1408K, reserved 1048576K
}
Event: 74.227 GC heap before
{Heap before GC invocations=12 (full 0):
 PSYoungGen      total 57344K, used 56960K [0x000000076ae00000, 0x0000000770480000, 0x00000007c0000000)
  eden space 56832K, 100% used [0x000000076ae00000,0x000000076e580000,0x000000076e580000)
  from space 512K, 25% used [0x000000076e680000,0x000000076e6a0000,0x000000076e700000)
  to   space 15872K, 0% used [0x000000076f500000,0x000000076f500000,0x0000000770480000)
 ParOldGen       total 175104K, used 34404K [0x00000006c0a00000, 0x00000006cb500000, 0x000000076ae00000)
  object space 175104K, 19% used [0x00000006c0a00000,0x00000006c2b99258,0x00000006cb500000)
 Metaspace       used 10448K, capacity 10714K, committed 10880K, reserved 1058816K
  class space    used 1197K, capacity 1297K, committed 1408K, reserved 1048576K
Event: 74.227 GC heap after
Heap after GC invocations=12 (full 0):
 PSYoungGen      total 70656K, used 224K [0x000000076ae00000, 0x0000000770380000, 0x00000007c0000000)
  eden space 55808K, 0% used [0x000000076ae00000,0x000000076ae00000,0x000000076e480000)
  from space 14848K, 1% used [0x000000076f500000,0x000000076f538000,0x0000000770380000)
  to   space 15872K, 0% used [0x000000076e480000,0x000000076e480000,0x000000076f400000)
 ParOldGen       total 175104K, used 34428K [0x00000006c0a00000, 0x00000006cb500000, 0x000000076ae00000)
  object space 175104K, 19% used [0x00000006c0a00000,0x00000006c2b9f258,0x00000006cb500000)
 Metaspace       used 10448K, capacity 10714K, committed 10880K, reserved 1058816K
  class space    used 1197K, capacity 1297K, committed 1408K, reserved 1048576K
}

